Arguments: 
  C:\Program Files\nodejs\node.exe C:\Users\gaoguixi\AppData\Roaming\npm\node_modules\yarn\bin\yarn.js get config registry

PATH: 
  C:\Program Files (x86)\Intel\Intel(R) Management Engine Components\iCLS\;C:\Program Files\Intel\Intel(R) Management Engine Components\iCLS\;C:\windows\system32;C:\windows;C:\windows\System32\Wbem;C:\windows\System32\WindowsPowerShell\v1.0\;C:\Program Files (x86)\NVIDIA Corporation\PhysX\Common;C:\Program Files (x86)\Intel\Intel(R) Management Engine Components\DAL;C:\Program Files\Intel\Intel(R) Management Engine Components\DAL;C:\Program Files (x86)\Intel\Intel(R) Management Engine Components\IPT;C:\Program Files\Intel\Intel(R) Management Engine Components\IPT;C:\Program Files\Git\cmd;C:\Program Files\nodejs\;C:\Users\gaoguixi\AppData\Local\Programs\Python\Python36-32\Scripts\;C:\Users\gaoguixi\AppData\Local\Programs\Python\Python36-32\;C:\Users\gaoguixi\AppData\Local\Microsoft\WindowsApps;D:\coding\Microsoft VS Code\bin;C:\Users\gaoguixi\AppData\Roaming\npm;C:\Users\gaoguixi\AppData\Local\GitHubDesktop\bin

Yarn version: 
  1.5.1

Node version: 
  8.10.0

Platform: 
  win32 x64

npm manifest: 
  {
    "name": "so-simple-theme",
    "author": "Michael Rose <michael@mademistakes.com>",
    "homepage": "http://mmistakes.github.io/so-simple-theme/",
    "repository": {
      "type": "git",
      "url": "git://github.com/mmistakes/so-simple-theme.git"
    },
    "bugs": {
      "url": "https://github.com/mmistakes/so-simple-theme/issues"
    },
    "engines": {
      "node": ">= 0.10.0"
    },
    "devDependencies": {
      "grunt": "~0.4.1",
      "grunt-contrib-clean": "~0.5.0",
      "grunt-contrib-jshint": "~0.6.3",
      "grunt-contrib-uglify": "~0.2.2",
      "grunt-contrib-watch": "~0.5.2",
      "grunt-contrib-imagemin": "~0.2.0",
      "grunt-svgmin": "~0.2.0"
    }
  }

yarn manifest: 
  No manifest

Lockfile: 
  No lockfile

Trace: 
  Error: Command "get" not found.
      at new MessageError (C:\Users\gaoguixi\AppData\Roaming\npm\node_modules\yarn\lib\cli.js:186:110)
      at C:\Users\gaoguixi\AppData\Roaming\npm\node_modules\yarn\lib\cli.js:87307:17
      at Generator.next (<anonymous>)
      at step (C:\Users\gaoguixi\AppData\Roaming\npm\node_modules\yarn\lib\cli.js:98:30)
      at C:\Users\gaoguixi\AppData\Roaming\npm\node_modules\yarn\lib\cli.js:116:14
      at new Promise (<anonymous>)
      at new F (C:\Users\gaoguixi\AppData\Roaming\npm\node_modules\yarn\lib\cli.js:23451:28)
      at C:\Users\gaoguixi\AppData\Roaming\npm\node_modules\yarn\lib\cli.js:95:12
      at runCommand (C:\Users\gaoguixi\AppData\Roaming\npm\node_modules\yarn\lib\cli.js:87312:22)
      at Object.<anonymous> (C:\Users\gaoguixi\AppData\Roaming\npm\node_modules\yarn\lib\cli.js:87412:14)
